<?xml version="1.0" encoding="UTF-8"?>
<testng-results skipped="0" failed="0" ignored="0" total="1" passed="1">
  <reporter-output>
  </reporter-output>
  <suite name="Default suite" duration-ms="114865" started-at="2019-04-12T06:26:39Z" finished-at="2019-04-12T06:28:34Z">
    <groups>
    </groups>
    <test name="Default test" duration-ms="114865" started-at="2019-04-12T06:26:39Z" finished-at="2019-04-12T06:28:34Z">
      <class name="com.mya.scripts.AutomationTest.VerifyWallethub">
        <test-method status="PASS" signature="setUp()[pri:0, instance:com.mya.scripts.AutomationTest.VerifyWallethub@2bcfcb]" name="setUp" is-config="true" duration-ms="6839" started-at="2019-04-12T11:56:32Z" finished-at="2019-04-12T11:56:39Z">
          <reporter-output>
          </reporter-output>
        </test-method> <!-- setUp -->
        <test-method status="PASS" signature="testVerifyWallethub()[pri:0, instance:com.mya.scripts.AutomationTest.VerifyWallethub@2bcfcb]" name="testVerifyWallethub" duration-ms="114823" started-at="2019-04-12T11:56:39Z" finished-at="2019-04-12T11:58:34Z">
          <reporter-output>
          </reporter-output>
        </test-method> <!-- testVerifyWallethub -->
        <test-method status="PASS" signature="endMethods()[pri:0, instance:com.mya.scripts.AutomationTest.VerifyWallethub@2bcfcb]" name="endMethods" is-config="true" duration-ms="2" started-at="2019-04-12T11:58:34Z" finished-at="2019-04-12T11:58:34Z">
          <reporter-output>
          </reporter-output>
        </test-method> <!-- endMethods -->
        <test-method status="PASS" signature="afterMainMethod()[pri:0, instance:com.mya.scripts.AutomationTest.VerifyWallethub@2bcfcb]" name="afterMainMethod" is-config="true" duration-ms="3606" started-at="2019-04-12T11:58:34Z" finished-at="2019-04-12T11:58:38Z">
          <reporter-output>
          </reporter-output>
        </test-method> <!-- afterMainMethod -->
      </class> <!-- com.mya.scripts.AutomationTest.VerifyWallethub -->
    </test> <!-- Default test -->
  </suite> <!-- Default suite -->
</testng-results>
